MAKE START: 2024-04-01 13:42:57.780030263
make[1]: Entering directory '/home/jianyang/projects/OpenHarmony-v4.1-release/device/soc/bestechnic/bes2600/liteos_m/sdk/bsp/out/best2600w_liteos'
-------------------------------
REVISION_INFO: c0502a1:best2600w_liteos
-------------------------------
make[1]: *** No rule to make target '../../utils/build_info/build_info.c', needed by 'build_info.o'.  Stop.
make[1]: *** Waiting for unfinished jobs....
"EXTERN_ROOT_PATH:./../../../../../../../"
  CC      rtos/liteos/liteos_m/kal/cmsis/cmsis_liteos2.o
  CC      rtos/liteos/liteos_m/kal/cmsis/cmsis_liteos.o
  CC      rtos/liteos/liteos_m/board.o
  *** Error: No rule is defined for target: platform/hal/hal_mcu2cp.c
make[3]: *** [../../scripts/build.mk:526: platform/hal/hal_mcu2cp.c] Error 1
make[3]: *** Waiting for unfinished jobs....
make[2]: *** [../../scripts/build.mk:495: platform/hal] Error 2
make[1]: *** [/home/jianyang/projects/OpenHarmony-v4.1-release/device/soc/bestechnic/bes2600/liteos_m/sdk/bsp/Makefile:1060: platform] Error 2
  
  INFO    Please make sure DSP bin is up to date: out/cmcp_32/cmcp_32.bin
  
  CC      services/cp_boot/cp_boot.o
  CC      services/cp_boot/cp_ipc.o
  *** Error: No rule is defined for target: services/wifi_app/wifiapp.o
make[2]: *** [../../scripts/build.mk:526: services/wifi_app/wifiapp.o] Error 1
make[2]: *** Waiting for unfinished jobs....
../../services/cp_boot/cp_ipc.c:74:21: warning: 'cp2mcu_sys_arrived' defined but not used [-Wunused-function]
   74 | static unsigned int cp2mcu_sys_arrived(const unsigned char *data, unsigned int len)
      |                     ^~~~~~~~~~~~~~~~~~
  AS      services/cp_boot/cp_code.o
  AR      services/cp_boot/built-in.a
make[1]: *** [/home/jianyang/projects/OpenHarmony-v4.1-release/device/soc/bestechnic/bes2600/liteos_m/sdk/bsp/Makefile:1060: services] Error 2
  AR      rtos/liteos/liteos_m/built-in.a
  LD      rtos/rtos_lib.o
  AR      rtos/built-in.a
make[1]: Leaving directory '/home/jianyang/projects/OpenHarmony-v4.1-release/device/soc/bestechnic/bes2600/liteos_m/sdk/bsp/out/best2600w_liteos'
make: *** [Makefile:287: sub-make] Error 2
make T=best2600w_liteos ARM_CMNS=0 LIB_BIN_IN_SRC_DIR=1 MODULE_KERNEL_STUB=1 PSRAM_ENABLE=1 NET_JANSSON_SUPPORT=0 NET_CJSON_SUPPORT=0 RF_TX_CONTROL_IO=12 WIFI_RF_OUT_FEM_SW=0 PA_ENABLE_IO=21 UART1_IOMUX_INDEX=20 NET_FTP_CLIENT_SUPPORT=0 UTILS_BES_KV=1 GEN_SDK_LIB_NET=0 OTA_CODE_OFFSET=0x80000 CP_BOOT=1 LITTLEFS_PARTITION_SUPPORT=0 LITTLEFS_ENABLE=0 FAST_TIMER_COMPENSATE=1 WAPI_SUPPORT=0 USB_AUDIO_FS=0 AI_VOICE=0 LLD_PRINT_ENABLE=0 NET_LWIP_EXTERN=1 NET_LWIP_SUPPORT=0 SYS_TIME_IF=0 PSRAMCP_SIZE=0x100000 DUAL_BAND=1 AP_MODE_SUPPORT=1 CHIP=best2003 A7_DSP_ENABLE=1 DSP_AUDIO_TASK=1 DSP_CODEC_SUPPORT=1 PSRAMUHS_ENABLE=1 PSRAM_ENABLE=1 SPEECH_MSG_ENABLE=1 SPEECH_MSG_TEST_CASE=0 A7_PROJECT=dummy DSP_BIN_NAME=a7_dsp -j8 LIBC_INIT_AFTER_OS_INIT=1 NO_LIBC=1 BOARD_OS_WRAP_MALLOC=1 CP_BIN_NAME=cmcp_32 PSRAM_XCCELA_MODE=1 FLASH_SIZE=0x2000000 MODULE_KERNEL_STUB_INC=1 EXTERN_ROOT_PATH=./../../../../../../../ BUILD_TYPE=DEBUG  GEN_LIB=1 
